<?xml version="1.0" encoding="UTF-8" ?>
<testsuite tests="43" failures="0" name="br.ce.wcaquinho.runners.RunnerTest" time="0.005" errors="0" skipped="0">
  <properties>
[...]
</properties>
  <testcase classname="Cenario: Deve alugar um filme com sucesso" name="Dado um filme" time="0.003"/>
  <testcase classname="Cenario: Deve alugar um filme com sucesso" name="Quando alugar" time="0"/>
  <testcase classname="Cenario: Deve alugar um filme com sucesso" name="Entao o preco do aluguel sera R$ 3" time="0"/>
  <testcase classname="Cenario: Deve alugar um filme com sucesso" name="E a data de entrega sera em 1 dia" time="0"/>
  <testcase classname="Cenario: Deve alugar um filme com sucesso" name="E o estoque do filme sera 1 unidade" time="0"/>
  <testcase classname="Cenario: Deve alugar um filme com sucesso" name="Cenario: Deve alugar um filme com sucesso" time="0.001"/>
  <testcase classname="Cenario: Nao deve alugar um filme sem estoque" name="Dado um filme com estoque de 0 unidades" time="0"/>
  <testcase classname="Cenario: Nao deve alugar um filme sem estoque" name="Quando alugar" time="0"/>
  <testcase classname="Cenario: Nao deve alugar um filme sem estoque" name="Entao nao sera possivel por falta de estoque" time="0"/>
  <testcase classname="Cenario: Nao deve alugar um filme sem estoque" name="E o estoque do filme sera 0 unidade" time="0"/>
  <testcase classname="Cenario: Nao deve alugar um filme sem estoque" name="Cenario: Nao deve alugar um filme sem estoque" time="0"/>
  <testcase classname="| 4 | extendido | 8 | 3 | 2 |" name="Dado um filme com estoque de 2 unidades" time="0"/>
  <testcase classname="| 4 | extendido | 8 | 3 | 2 |" name="E que o preco de aluguel seja R$ 4" time="0"/>
  <testcase classname="| 4 | extendido | 8 | 3 | 2 |" name="E que o tipo do aluguel seja extendido" time="0"/>
  <testcase classname="| 4 | extendido | 8 | 3 | 2 |" name="Quando alugar" time="0"/>
  <testcase classname="| 4 | extendido | 8 | 3 | 2 |" name="Entao o preco do aluguel sera R$ 8" time="0"/>
  <testcase classname="| 4 | extendido | 8 | 3 | 2 |" name="E a data de entrega sera em 3 dias" time="0"/>
  <testcase classname="| 4 | extendido | 8 | 3 | 2 |" name="E a pontuacao recebida sera de 2 pontos" time="0"/>
  <testcase classname="| 4 | extendido | 8 | 3 | 2 |" name="| 4 | extendido | 8 | 3 | 2 |" time="0"/>
  <testcase classname="| 4 | comum | 4 | 1 | 1 |" name="Dado um filme com estoque de 2 unidades" time="0"/>
  <testcase classname="| 4 | comum | 4 | 1 | 1 |" name="E que o preco de aluguel seja R$ 4" time="0"/>
  <testcase classname="| 4 | comum | 4 | 1 | 1 |" name="E que o tipo do aluguel seja comum" time="0"/>
  <testcase classname="| 4 | comum | 4 | 1 | 1 |" name="Quando alugar" time="0"/>
  <testcase classname="| 4 | comum | 4 | 1 | 1 |" name="Entao o preco do aluguel sera R$ 4" time="0"/>
  <testcase classname="| 4 | comum | 4 | 1 | 1 |" name="E a data de entrega sera em 1 dias" time="0"/>
  <testcase classname="| 4 | comum | 4 | 1 | 1 |" name="E a pontuacao recebida sera de 1 pontos" time="0"/>
  <testcase classname="| 4 | comum | 4 | 1 | 1 |" name="| 4 | comum | 4 | 1 | 1 |" time="0"/>
  <testcase classname="| 10 | extendido | 20 | 3 | 2 |" name="Dado um filme com estoque de 2 unidades" time="0"/>
  <testcase classname="| 10 | extendido | 20 | 3 | 2 |" name="E que o preco de aluguel seja R$ 10" time="0"/>
  <testcase classname="| 10 | extendido | 20 | 3 | 2 |" name="E que o tipo do aluguel seja extendido" time="0"/>
  <testcase classname="| 10 | extendido | 20 | 3 | 2 |" name="Quando alugar" time="0"/>
  <testcase classname="| 10 | extendido | 20 | 3 | 2 |" name="Entao o preco do aluguel sera R$ 20" time="0"/>
  <testcase classname="| 10 | extendido | 20 | 3 | 2 |" name="E a data de entrega sera em 3 dias" time="0"/>
  <testcase classname="| 10 | extendido | 20 | 3 | 2 |" name="E a pontuacao recebida sera de 2 pontos" time="0"/>
  <testcase classname="| 10 | extendido | 20 | 3 | 2 |" name="| 10 | extendido | 20 | 3 | 2 |" time="0.001"/>
  <testcase classname="| 5 | semanal | 15 | 7 | 3 |" name="Dado um filme com estoque de 2 unidades" time="0"/>
  <testcase classname="| 5 | semanal | 15 | 7 | 3 |" name="E que o preco de aluguel seja R$ 5" time="0"/>
  <testcase classname="| 5 | semanal | 15 | 7 | 3 |" name="E que o tipo do aluguel seja semanal" time="0"/>
  <testcase classname="| 5 | semanal | 15 | 7 | 3 |" name="Quando alugar" time="0"/>
  <testcase classname="| 5 | semanal | 15 | 7 | 3 |" name="Entao o preco do aluguel sera R$ 15" time="0"/>
  <testcase classname="| 5 | semanal | 15 | 7 | 3 |" name="E a data de entrega sera em 7 dias" time="0"/>
  <testcase classname="| 5 | semanal | 15 | 7 | 3 |" name="E a pontuacao recebida sera de 3 pontos" time="0"/>
  <testcase classname="| 5 | semanal | 15 | 7 | 3 |" name="| 5 | semanal | 15 | 7 | 3 |" time="0"/>
</testsuite>